mode: atomic
github.com/gopatchy/bus/bus.go:17.20,22.2 1 2
github.com/gopatchy/bus/bus.go:24.43,32.2 5 5
github.com/gopatchy/bus/bus.go:34.43,40.36 4 1
github.com/gopatchy/bus/bus.go:40.36,42.3 1 1
github.com/gopatchy/bus/bus.go:44.2,46.30 2 1
github.com/gopatchy/bus/bus.go:49.66,59.37 6 5
github.com/gopatchy/bus/bus.go:59.37,61.3 1 4
github.com/gopatchy/bus/bus.go:63.2,65.12 2 5
github.com/gopatchy/bus/bus.go:68.63,76.36 5 3
github.com/gopatchy/bus/bus.go:76.36,78.3 1 3
github.com/gopatchy/bus/bus.go:80.2,82.12 2 3
github.com/gopatchy/bus/bus.go:85.58,91.48 4 5
github.com/gopatchy/bus/bus.go:91.48,94.3 2 4
github.com/gopatchy/bus/bus.go:96.2,96.31 1 5
github.com/gopatchy/bus/bus.go:96.31,98.3 1 4
github.com/gopatchy/bus/bus.go:101.55,105.47 3 3
github.com/gopatchy/bus/bus.go:105.47,108.3 2 3
github.com/gopatchy/bus/bus.go:110.2,110.30 1 3
github.com/gopatchy/bus/bus.go:110.30,112.3 1 3
github.com/gopatchy/bus/bus.go:115.42,117.2 1 5
github.com/gopatchy/bus/bus.go:119.41,121.2 1 16
github.com/gopatchy/bus/bus.go:123.54,124.27 1 11
github.com/gopatchy/bus/bus.go:124.27,125.10 1 10
github.com/gopatchy/bus/bus.go:126.17,126.17 0 10
github.com/gopatchy/bus/bus.go:127.11,129.21 2 0
github.com/gopatchy/bus/bus.go:134.35,136.2 1 23
